<?xml version="1.0" encoding="UTF-8"?>
<testng-results skipped="0" failed="0" ignored="0" total="2" passed="2">
  <reporter-output>
  </reporter-output>
  <suite name="Default suite" duration-ms="106477" started-at="2019-06-18T11:08:17Z" finished-at="2019-06-18T11:10:04Z">
    <groups>
    </groups>
    <test name="Default test" duration-ms="106477" started-at="2019-06-18T11:08:17Z" finished-at="2019-06-18T11:10:04Z">
      <class name="com.pos.testcases.TC_SingleTicket">
        <test-method status="PASS" signature="setup()[pri:0, instance:com.pos.testcases.TC_SingleTicket@5cb9f472]" name="setup" is-config="true" duration-ms="14880" started-at="2019-06-18T11:08:17Z" finished-at="2019-06-18T11:08:32Z">
          <reporter-output>
          </reporter-output>
        </test-method> <!-- setup -->
        <test-method status="PASS" signature="EmpID()[pri:0, instance:com.pos.testcases.TC_SingleTicket@5cb9f472]" name="EmpID" duration-ms="68344" started-at="2019-06-18T11:08:32Z" finished-at="2019-06-18T11:09:41Z">
          <reporter-output>
          </reporter-output>
        </test-method> <!-- EmpID -->
        <test-method status="PASS" signature="SingleUserCashPayment()[pri:0, instance:com.pos.testcases.TC_SingleTicket@5cb9f472]" name="SingleUserCashPayment" duration-ms="23226" started-at="2019-06-18T11:09:41Z" finished-at="2019-06-18T11:10:04Z">
          <reporter-output>
          </reporter-output>
        </test-method> <!-- SingleUserCashPayment -->
      </class> <!-- com.pos.testcases.TC_SingleTicket -->
    </test> <!-- Default test -->
  </suite> <!-- Default suite -->
</testng-results>
