<?xml version="1.0" encoding="UTF-8"?>
<!-- Generated by org.testng.reporters.JUnitXMLReporter -->
<testsuite hostname="R90QF7LC" ignored="0" name="BankingApp Test" tests="6" failures="0" timestamp="16 May 2019 11:33:29 GMT" time="289.553" errors="0">
  <testcase name="EmpID" time="62.803" classname="com.pos.testcases.BaseClass"/>
  <testcase name="SingleUserCashPayment" time="20.065" classname="com.pos.testcases.SingleSignIn"/>
  <testcase name="EmpID" time="63.573" classname="com.pos.testcases.BaseClass"/>
  <testcase name="MultipleSignIn" time="24.847" classname="com.pos.testcases.MultipleTicketPayments"/>
  <testcase name="EmpID" time="63.117" classname="com.pos.testcases.BaseClass"/>
  <testcase name="SellConcessions" time="14.82" classname="com.pos.testcases.TC_Sell_Concessions"/>
</testsuite> <!-- BankingApp Test -->
